2023-08-16 20:18:07,839 [INFO] Activator:176 - 


2023-08-16 20:18:07,839 [INFO] Activator:177 - !SESSION log4j initialized
2023-08-16 20:18:11,980 [INFO] LogOutputStream:77 - [STDOUT_REDIRECT] 
2023-08-16 20:18:14,594 [INFO] McuFinderGlobals:63 - Set McuFinder mode to 2 (CubeIDE integrated)
2023-08-16 20:18:17,037 [INFO] ApplicationProperties:184 - Using Application install path: C:\ST\STM32CubeIDE_1.13.0\STM32CubeIDE\plugins\com.st.stm32cube.common.mx_6.9.0.202307051724
2023-08-16 20:18:17,063 [INFO] DbMcusXml:78 - Set database path to: C:\ST\STM32CubeIDE_1.13.0\STM32CubeIDE\plugins\com.st.stm32cube.common.mx_6.9.0.202307051724\\db\/mcu/
2023-08-16 20:18:17,064 [INFO] ApiDb:274 - Set plugin database path to: C:\ST\STM32CubeIDE_1.13.0\STM32CubeIDE\plugins\com.st.stm32cube.common.mx_6.9.0.202307051724\\db\/plugins/boardmanager/
2023-08-16 20:18:17,067 [WARN] ApiDb:259 - Overriding images path with different value:  => C:\ST\STM32CubeIDE_1.13.0\STM32CubeIDE\plugins\com.st.stm32cube.common.mx_6.9.0.202307051724\\db\/plugins/mcufinder/images/
2023-08-16 20:18:17,082 [INFO] ApiDb:250 - Set database path to: C:\Users\Omar A.Qadir\.stmcufinder\plugins\mcufinder//mcu/
2023-08-16 20:18:17,084 [INFO] DbMcusAds:125 - Set database path to: C:\Users\Omar A.Qadir\.stmcufinder\plugins\mcufinder//mcu/
2023-08-16 20:18:17,089 [INFO] CrossReferenceDbSqlite:203 - Set database path to: C:\Users\Omar A.Qadir\.stmcufinder\plugins\mcufinder//mcu/cs/
2023-08-16 20:18:17,317 [INFO] RulesReader:64 - Compatibility file has been processed (293 Rules)
2023-08-16 20:18:17,467 [INFO] DbMcusXml:78 - Set database path to: C:\ST\STM32CubeIDE_1.13.0\STM32CubeIDE\plugins\com.st.stm32cube.common.mx_6.9.0.202307051724\\db\/mcu/
2023-08-16 20:18:17,467 [INFO] ApiDb:274 - Set plugin database path to: C:\ST\STM32CubeIDE_1.13.0\STM32CubeIDE\plugins\com.st.stm32cube.common.mx_6.9.0.202307051724\\db\/plugins/boardmanager/
2023-08-16 20:18:17,468 [INFO] ApiDb:261 - Set plugin images path to: C:\ST\STM32CubeIDE_1.13.0\STM32CubeIDE\plugins\com.st.stm32cube.common.mx_6.9.0.202307051724\\db\/plugins/mcufinder/images/
2023-08-16 20:18:17,468 [WARN] DbFile:41 - Overriding database path with different value: C:\Users\Omar A.Qadir\.stmcufinder\plugins\mcufinder/ => C:\Users\Omar A.Qadir\.stmcufinder\plugins\mcufinder
2023-08-16 20:18:17,468 [INFO] ApiDb:250 - Set database path to: C:\Users\Omar A.Qadir\.stmcufinder\plugins\mcufinder//mcu/
2023-08-16 20:18:17,468 [WARN] DbFile:41 - Overriding database path with different value: C:\Users\Omar A.Qadir\.stmcufinder\plugins\mcufinder/ => C:\Users\Omar A.Qadir\.stmcufinder\plugins\mcufinder
2023-08-16 20:18:17,469 [INFO] DbMcusAds:125 - Set database path to: C:\Users\Omar A.Qadir\.stmcufinder\plugins\mcufinder//mcu/
2023-08-16 20:18:17,469 [WARN] DbFile:41 - Overriding database path with different value: C:\Users\Omar A.Qadir\.stmcufinder\plugins\mcufinder/ => C:\Users\Omar A.Qadir\.stmcufinder\plugins\mcufinder
2023-08-16 20:18:17,469 [WARN] DbFile:41 - Overriding database path with different value: C:\Users\Omar A.Qadir\.stmcufinder\plugins\mcufinder/ => C:\Users\Omar A.Qadir\.stmcufinder\plugins\mcufinder
2023-08-16 20:18:17,469 [INFO] CrossReferenceDbSqlite:203 - Set database path to: C:\Users\Omar A.Qadir\.stmcufinder\plugins\mcufinder//mcu/cs/
2023-08-16 20:18:17,604 [INFO] MainPanel:262 - HeapMemory: 268435456
2023-08-16 20:18:17,824 [INFO] DbMcusXml:78 - Set database path to: C:\ST\STM32CubeIDE_1.13.0\STM32CubeIDE\plugins\com.st.stm32cube.common.mx_6.9.0.202307051724\\db\/mcu/
2023-08-16 20:18:17,824 [INFO] ApiDb:274 - Set plugin database path to: C:\ST\STM32CubeIDE_1.13.0\STM32CubeIDE\plugins\com.st.stm32cube.common.mx_6.9.0.202307051724\\db\/plugins/boardmanager/
2023-08-16 20:18:17,825 [INFO] ApiDb:261 - Set plugin images path to: C:\ST\STM32CubeIDE_1.13.0\STM32CubeIDE\plugins\com.st.stm32cube.common.mx_6.9.0.202307051724\\db\/plugins/mcufinder/images/
2023-08-16 20:18:17,825 [WARN] DbFile:41 - Overriding database path with different value: C:\Users\Omar A.Qadir\.stmcufinder\plugins\mcufinder/ => C:\Users\Omar A.Qadir\.stmcufinder\plugins\mcufinder
2023-08-16 20:18:17,825 [INFO] ApiDb:250 - Set database path to: C:\Users\Omar A.Qadir\.stmcufinder\plugins\mcufinder//mcu/
2023-08-16 20:18:17,825 [WARN] DbFile:41 - Overriding database path with different value: C:\Users\Omar A.Qadir\.stmcufinder\plugins\mcufinder/ => C:\Users\Omar A.Qadir\.stmcufinder\plugins\mcufinder
2023-08-16 20:18:17,825 [INFO] DbMcusAds:125 - Set database path to: C:\Users\Omar A.Qadir\.stmcufinder\plugins\mcufinder//mcu/
2023-08-16 20:18:17,826 [WARN] DbFile:41 - Overriding database path with different value: C:\Users\Omar A.Qadir\.stmcufinder\plugins\mcufinder/ => C:\Users\Omar A.Qadir\.stmcufinder\plugins\mcufinder
2023-08-16 20:18:17,826 [WARN] DbFile:41 - Overriding database path with different value: C:\Users\Omar A.Qadir\.stmcufinder\plugins\mcufinder/ => C:\Users\Omar A.Qadir\.stmcufinder\plugins\mcufinder
2023-08-16 20:18:17,826 [INFO] CrossReferenceDbSqlite:203 - Set database path to: C:\Users\Omar A.Qadir\.stmcufinder\plugins\mcufinder//mcu/cs/
2023-08-16 20:18:17,864 [INFO] ApplicationProperties:184 - Using Application install path: C:\ST\STM32CubeIDE_1.13.0\STM32CubeIDE\plugins\com.st.stm32cube.common.mx_6.9.0.202307051724
2023-08-16 20:18:17,868 [INFO] PluginManage:196 - Search for loadable plugins [exclusion list=, ]
2023-08-16 20:18:17,878 [INFO] PluginManage:310 - Check plugin analytics
2023-08-16 20:18:18,251 [INFO] AnalyticsPlugin:253 - Accepted Software Licenses: 
2023-08-16 20:18:18,252 [INFO] AnalyticsPlugin:255 - Accepted CMSIS Pack Licenses: 
2023-08-16 20:18:18,252 [INFO] AnalyticsPlugin:257 - Accepted Firmware Licenses: FW.F4.1.27.0
2023-08-16 20:18:18,258 [INFO] PluginManage:359 - Loaded plugin analytics (category:tool,tabindex:-1)
2023-08-16 20:18:18,259 [INFO] PluginManage:310 - Check plugin cadmodel
2023-08-16 20:18:18,266 [INFO] CADModel:105 - Init CAD model plugin
2023-08-16 20:18:18,266 [INFO] PluginManage:359 - Loaded plugin cadmodel (category:power,tabindex:5)
2023-08-16 20:18:18,267 [INFO] PluginManage:310 - Check plugin clock
2023-08-16 20:18:18,282 [INFO] PluginManage:359 - Loaded plugin clock (category:base,tabindex:2)
2023-08-16 20:18:18,282 [INFO] PluginManage:310 - Check plugin ddr
2023-08-16 20:18:18,286 [INFO] PluginManage:359 - Loaded plugin ddr (category:tool,tabindex:6)
2023-08-16 20:18:18,286 [INFO] PluginManage:310 - Check plugin filemanager
2023-08-16 20:18:18,519 [INFO] PluginManage:359 - Loaded plugin filemanager (category:base,tabindex:10)
2023-08-16 20:18:18,519 [INFO] PluginManage:310 - Check plugin ipmanager
2023-08-16 20:18:18,530 [INFO] PluginManage:359 - Loaded plugin ipmanager (category:base,tabindex:5)
2023-08-16 20:18:18,530 [INFO] PluginManage:310 - Check plugin lpbam
2023-08-16 20:18:18,546 [INFO] PluginManage:359 - Loaded plugin lpbam (category:base,tabindex:0)
2023-08-16 20:18:18,546 [INFO] PluginManage:310 - Check plugin memorymap
2023-08-16 20:18:18,566 [INFO] PluginManage:359 - Loaded plugin memorymap (category:base,tabindex:4)
2023-08-16 20:18:18,566 [INFO] PluginManage:310 - Check plugin pinoutandconfiguration
2023-08-16 20:18:18,578 [INFO] PluginManage:359 - Loaded plugin pinoutandconfiguration (category:base,tabindex:1)
2023-08-16 20:18:18,578 [INFO] PluginManage:310 - Check plugin pinoutconfig
2023-08-16 20:18:18,745 [WARN] SupportedApi:132 - Cannot load RTOS API schema: s4s-elt-must-match.1: The content of 'definitions' must match (annotation?, (simpleType | complexType)?, (unique | key | keyref)*)). A problem was found starting at: attribute.
2023-08-16 20:18:19,007 [INFO] PluginManage:359 - Loaded plugin pinoutconfig (category:base,tabindex:0)
2023-08-16 20:18:19,007 [INFO] PluginManage:310 - Check plugin power
2023-08-16 20:18:19,026 [INFO] PluginManage:359 - Loaded plugin power (category:power,tabindex:4)
2023-08-16 20:18:19,026 [INFO] PluginManage:310 - Check plugin projectmanager
2023-08-16 20:18:19,089 [INFO] PluginManage:359 - Loaded plugin projectmanager (category:projectmanager,tabindex:3)
2023-08-16 20:18:19,090 [INFO] PluginManage:310 - Check plugin thirdparty
2023-08-16 20:18:19,382 [INFO] PluginManage:359 - Loaded plugin thirdparty (category:base,tabindex:-1)
2023-08-16 20:18:19,382 [INFO] PluginManage:310 - Check plugin tools
2023-08-16 20:18:19,386 [INFO] PluginManage:359 - Loaded plugin tools (category:base,tabindex:7)
2023-08-16 20:18:19,387 [INFO] PluginManage:310 - Check plugin tutovideos
2023-08-16 20:18:19,398 [WARN] IntegrityCheckThread:84 - waiting for thirdparty lock release [integrity check]
2023-08-16 20:18:19,399 [INFO] IntegrityCheckThread:86 - entering critical section [integrity check]
2023-08-16 20:18:19,399 [INFO] ThirdPartyUpdaterWithRetryManager:70 - Updater plugin not ready yet. [1/15]
2023-08-16 20:18:19,695 [INFO] PluginManage:359 - Loaded plugin tutovideos (category:base,tabindex:-1)
2023-08-16 20:18:19,696 [INFO] PluginManage:310 - Check plugin updater
2023-08-16 20:18:19,720 [INFO] PluginManage:359 - Loaded plugin updater (category:base,tabindex:12)
2023-08-16 20:18:19,721 [INFO] PluginManage:310 - Check plugin userauth
2023-08-16 20:18:19,729 [INFO] UserAuth:113 - Init User Auth plugin
2023-08-16 20:18:19,729 [INFO] PluginManage:359 - Loaded plugin userauth (category:base,tabindex:14)
2023-08-16 20:18:19,730 [INFO] PluginManage:283 - PluginManage : Loaded plugins [17]
2023-08-16 20:18:20,257 [INFO] PinOutPanel:1499 - setPackage(No Configuration,No Configuration)
2023-08-16 20:18:20,527 [INFO] CADModel:165 - CPN selected for project level
2023-08-16 20:18:20,529 [INFO] CADModel:114 - Register for checkConnection events
2023-08-16 20:18:20,648 [INFO] IPUIPlugin:80 - create IPUIPlugin
2023-08-16 20:18:20,649 [INFO] PluginManager:220 - loadIPPluginJar : add adc
2023-08-16 20:18:20,654 [INFO] IPUIPlugin:80 - create IPUIPlugin
2023-08-16 20:18:20,654 [INFO] PluginManager:220 - loadIPPluginJar : add aes
2023-08-16 20:18:20,659 [INFO] IPUIPlugin:80 - create IPUIPlugin
2023-08-16 20:18:20,659 [INFO] PluginManager:220 - loadIPPluginJar : add can
2023-08-16 20:18:20,662 [INFO] IPUIPlugin:80 - create IPUIPlugin
2023-08-16 20:18:20,662 [INFO] PluginManager:220 - loadIPPluginJar : add comp
2023-08-16 20:18:20,666 [INFO] IPUIPlugin:80 - create IPUIPlugin
2023-08-16 20:18:20,666 [INFO] PluginManager:220 - loadIPPluginJar : add cryp
2023-08-16 20:18:20,669 [INFO] IPUIPlugin:80 - create IPUIPlugin
2023-08-16 20:18:20,670 [INFO] PluginManager:220 - loadIPPluginJar : add dfsdm
2023-08-16 20:18:20,677 [INFO] IPUIPlugin:80 - create IPUIPlugin
2023-08-16 20:18:20,678 [INFO] PluginManager:220 - loadIPPluginJar : add dma
2023-08-16 20:18:20,681 [INFO] IPUIPlugin:80 - create IPUIPlugin
2023-08-16 20:18:20,682 [INFO] PluginManager:220 - loadIPPluginJar : add dma3
2023-08-16 20:18:20,684 [INFO] IPUIPlugin:80 - create IPUIPlugin
2023-08-16 20:18:20,684 [INFO] PluginManager:220 - loadIPPluginJar : add fatfs
2023-08-16 20:18:20,691 [INFO] IPUIPlugin:80 - create IPUIPlugin
2023-08-16 20:18:20,691 [INFO] PluginManager:220 - loadIPPluginJar : add fmc
2023-08-16 20:18:20,699 [INFO] IPUIPlugin:80 - create IPUIPlugin
2023-08-16 20:18:20,700 [INFO] PluginManager:220 - loadIPPluginJar : add freertos
2023-08-16 20:18:20,702 [INFO] IPUIPlugin:80 - create IPUIPlugin
2023-08-16 20:18:20,702 [INFO] PluginManager:220 - loadIPPluginJar : add genericplugin
2023-08-16 20:18:20,714 [INFO] IPUIPlugin:80 - create IPUIPlugin
2023-08-16 20:18:20,716 [INFO] PluginManager:220 - loadIPPluginJar : add gfxmmu
2023-08-16 20:18:20,757 [INFO] IPUIPlugin:80 - create IPUIPlugin
2023-08-16 20:18:20,759 [INFO] PluginManager:220 - loadIPPluginJar : add gic
2023-08-16 20:18:20,789 [INFO] IPUIPlugin:80 - create IPUIPlugin
2023-08-16 20:18:20,791 [INFO] PluginManager:220 - loadIPPluginJar : add gpio
2023-08-16 20:18:20,813 [INFO] IPUIPlugin:80 - create IPUIPlugin
2023-08-16 20:18:20,815 [INFO] PluginManager:220 - loadIPPluginJar : add gtzc
2023-08-16 20:18:20,830 [INFO] IPUIPlugin:80 - create IPUIPlugin
2023-08-16 20:18:20,831 [INFO] PluginManager:220 - loadIPPluginJar : add hash
2023-08-16 20:18:20,835 [INFO] IPUIPlugin:80 - create IPUIPlugin
2023-08-16 20:18:20,835 [INFO] PluginManager:220 - loadIPPluginJar : add i2c
2023-08-16 20:18:20,839 [INFO] IPUIPlugin:80 - create IPUIPlugin
2023-08-16 20:18:20,839 [INFO] PluginManager:220 - loadIPPluginJar : add i2s
2023-08-16 20:18:20,843 [INFO] IPUIPlugin:80 - create IPUIPlugin
2023-08-16 20:18:20,843 [INFO] PluginManager:220 - loadIPPluginJar : add i3c
2023-08-16 20:18:20,848 [INFO] IPUIPlugin:80 - create IPUIPlugin
2023-08-16 20:18:20,848 [INFO] PluginManager:220 - loadIPPluginJar : add ipddr
2023-08-16 20:18:20,857 [INFO] IPUIPlugin:80 - create IPUIPlugin
2023-08-16 20:18:20,857 [INFO] PluginManager:220 - loadIPPluginJar : add linkedlist
2023-08-16 20:18:20,861 [INFO] IPUIPlugin:80 - create IPUIPlugin
2023-08-16 20:18:20,861 [INFO] PluginManager:220 - loadIPPluginJar : add lorawan
2023-08-16 20:18:20,863 [INFO] IPUIPlugin:80 - create IPUIPlugin
2023-08-16 20:18:20,863 [INFO] PluginManager:220 - loadIPPluginJar : add ltdc
2023-08-16 20:18:20,870 [INFO] IPUIPlugin:80 - create IPUIPlugin
2023-08-16 20:18:20,870 [INFO] PluginManager:220 - loadIPPluginJar : add mdma
2023-08-16 20:18:20,875 [INFO] IPUIPlugin:80 - create IPUIPlugin
2023-08-16 20:18:20,876 [INFO] PluginManager:220 - loadIPPluginJar : add nvic
2023-08-16 20:18:20,880 [INFO] IPUIPlugin:80 - create IPUIPlugin
2023-08-16 20:18:20,880 [INFO] PluginManager:220 - loadIPPluginJar : add opamp
2023-08-16 20:18:20,884 [INFO] IPUIPlugin:80 - create IPUIPlugin
2023-08-16 20:18:20,885 [INFO] PluginManager:220 - loadIPPluginJar : add openamp
2023-08-16 20:18:20,889 [INFO] IPUIPlugin:80 - create IPUIPlugin
2023-08-16 20:18:20,889 [INFO] PluginManager:220 - loadIPPluginJar : add pdm2pcm
2023-08-16 20:18:20,897 [INFO] IPUIPlugin:80 - create IPUIPlugin
2023-08-16 20:18:20,901 [INFO] PluginManager:220 - loadIPPluginJar : add plateformsettings
2023-08-16 20:18:20,904 [INFO] IPUIPlugin:80 - create IPUIPlugin
2023-08-16 20:18:20,904 [INFO] PluginManager:220 - loadIPPluginJar : add quadspi
2023-08-16 20:18:20,909 [INFO] IPUIPlugin:80 - create IPUIPlugin
2023-08-16 20:18:20,910 [INFO] PluginManager:220 - loadIPPluginJar : add resmgrutility
2023-08-16 20:18:20,914 [INFO] IPUIPlugin:80 - create IPUIPlugin
2023-08-16 20:18:20,915 [INFO] PluginManager:220 - loadIPPluginJar : add sai
2023-08-16 20:18:20,919 [INFO] IPUIPlugin:80 - create IPUIPlugin
2023-08-16 20:18:20,919 [INFO] PluginManager:220 - loadIPPluginJar : add spi
2023-08-16 20:18:20,926 [INFO] IPUIPlugin:80 - create IPUIPlugin
2023-08-16 20:18:20,926 [INFO] PluginManager:220 - loadIPPluginJar : add stm32_wpan
2023-08-16 20:18:20,929 [INFO] IPUIPlugin:80 - create IPUIPlugin
2023-08-16 20:18:20,929 [INFO] PluginManager:220 - loadIPPluginJar : add tim
2023-08-16 20:18:20,935 [INFO] IPUIPlugin:80 - create IPUIPlugin
2023-08-16 20:18:20,935 [INFO] PluginManager:220 - loadIPPluginJar : add touchsensing
2023-08-16 20:18:20,939 [INFO] IPUIPlugin:80 - create IPUIPlugin
2023-08-16 20:18:20,939 [INFO] PluginManager:220 - loadIPPluginJar : add tracer_emb
2023-08-16 20:18:20,942 [INFO] IPUIPlugin:80 - create IPUIPlugin
2023-08-16 20:18:20,943 [INFO] PluginManager:220 - loadIPPluginJar : add ts
2023-08-16 20:18:20,945 [INFO] IPUIPlugin:80 - create IPUIPlugin
2023-08-16 20:18:20,946 [INFO] PluginManager:220 - loadIPPluginJar : add tsc
2023-08-16 20:18:20,948 [INFO] IPUIPlugin:80 - create IPUIPlugin
2023-08-16 20:18:20,949 [INFO] PluginManager:220 - loadIPPluginJar : add ucpd
2023-08-16 20:18:20,953 [INFO] IPUIPlugin:80 - create IPUIPlugin
2023-08-16 20:18:20,954 [INFO] PluginManager:220 - loadIPPluginJar : add usart
2023-08-16 20:18:20,959 [INFO] IPUIPlugin:80 - create IPUIPlugin
2023-08-16 20:18:20,959 [INFO] PluginManager:220 - loadIPPluginJar : add usbx
2023-08-16 20:18:21,142 [INFO] CADModel:165 - CPN selected for project level
2023-08-16 20:18:21,142 [INFO] CADModel:114 - Register for checkConnection events
2023-08-16 20:18:21,143 [FATAL] Updater:308 - Updater called before beeing initialized
2023-08-16 20:18:21,143 [ERROR] CADModel:125 - Updater not yet initialized, retry later 
2023-08-16 20:18:21,434 [INFO] CADModel:165 - CPN selected for project level
2023-08-16 20:18:21,457 [INFO] CADModel:114 - Register for checkConnection events
2023-08-16 20:18:21,457 [FATAL] Updater:308 - Updater called before beeing initialized
2023-08-16 20:18:21,458 [ERROR] CADModel:125 - Updater not yet initialized, retry later 
2023-08-16 20:18:21,463 [FATAL] Updater:308 - Updater called before beeing initialized
2023-08-16 20:18:21,653 [FATAL] Updater:308 - Updater called before beeing initialized
2023-08-16 20:18:21,663 [INFO] DbMcusAds:53 - JSON generation date=Tue Mar 07 10:50:55 EET 2023 (1678179055114)
2023-08-16 20:18:21,663 [FATAL] Updater:308 - Updater called before beeing initialized
2023-08-16 20:18:21,750 [WARN] DetailPanel:346 - Failed to get advertising image, set to default
2023-08-16 20:18:21,926 [FATAL] Updater:308 - Updater called before beeing initialized
2023-08-16 20:18:21,930 [FATAL] Updater:308 - Updater called before beeing initialized
2023-08-16 20:18:21,930 [FATAL] Updater:308 - Updater called before beeing initialized
2023-08-16 20:18:21,931 [WARN] DetailPanel:346 - Failed to get advertising image, set to default
2023-08-16 20:18:21,932 [FATAL] Updater:308 - Updater called before beeing initialized
2023-08-16 20:18:22,032 [ERROR] Updater:1120 - MainUpdater not yet initialized. External WinMGr cannot be set.
2023-08-16 20:18:22,035 [INFO] Updater:1056 - Updater Version found : 6.9.0
2023-08-16 20:18:22,064 [INFO] ApplicationProperties:184 - Using Application install path: C:\ST\STM32CubeIDE_1.13.0\STM32CubeIDE\plugins\com.st.stm32cube.common.mx_6.9.0.202307051724
2023-08-16 20:18:22,401 [INFO] ThirdPartyUpdaterWithRetryManager:70 - Updater plugin not ready yet. [2/15]
2023-08-16 20:18:22,502 [INFO] MainUpdater:2868 - connection check result : 10
2023-08-16 20:18:22,503 [INFO] MainUpdater:285 - Updater Check For Update Now.
2023-08-16 20:18:22,504 [INFO] MicroXplorer:498 - Change Database Version : DB.6.0.90
2023-08-16 20:18:22,513 [INFO] McuFinderGlobals:63 - Set McuFinder mode to 2 (CubeIDE integrated)
2023-08-16 20:18:22,764 [INFO] CheckServerUpdateThread:120 - End of CheckServer Thread
2023-08-16 20:18:22,928 [INFO] MainUpdater:2868 - connection check result : 10
2023-08-16 20:18:22,937 [INFO] McuFinderGlobals:76 - Set McuFinderConnectedMode to true
2023-08-16 20:18:23,607 [INFO] ServerAccessManage:473 - Download File mcusAds.json._tmp_
2023-08-16 20:18:23,721 [INFO] LoadUrlFilesThread:156 - End of LoadUrlFiles Thread
2023-08-16 20:18:23,910 [INFO] ServerAccessManage:473 - Download File cube-finder-db.zip
2023-08-16 20:18:25,403 [WARN] MainUpdater:1189 - Updater busy. Cannot search thirdparties
2023-08-16 20:18:25,403 [INFO] ThirdPartyUpdaterWithRetryManager:96 - Updater plugin is busy. [1/15]
2023-08-16 20:18:28,407 [WARN] MainUpdater:1189 - Updater busy. Cannot search thirdparties
2023-08-16 20:18:28,407 [INFO] ThirdPartyUpdaterWithRetryManager:96 - Updater plugin is busy. [2/15]
2023-08-16 20:18:31,411 [WARN] MainUpdater:1189 - Updater busy. Cannot search thirdparties
2023-08-16 20:18:31,411 [INFO] ThirdPartyUpdaterWithRetryManager:96 - Updater plugin is busy. [3/15]
2023-08-16 20:18:34,414 [WARN] MainUpdater:1189 - Updater busy. Cannot search thirdparties
2023-08-16 20:18:34,414 [INFO] ThirdPartyUpdaterWithRetryManager:96 - Updater plugin is busy. [4/15]
2023-08-16 20:18:36,027 [INFO] FileExtend:240 - Unzip File : cube-finder-db.zip
2023-08-16 20:18:36,028 [INFO] FileExtend:255 - Standard Zip Deflate
2023-08-16 20:18:37,154 [INFO] LoadUrlFilesThread:156 - End of LoadUrlFiles Thread
2023-08-16 20:18:37,724 [WARN] PackLoader:240 - Cannot read IP mode file for STMicroelectronics.X-CUBE-SMBUS.2.1.0
2023-08-16 20:18:37,815 [WARN] PackLoader:240 - Cannot read IP mode file for STMicroelectronics.X-CUBE-AZRTOS-F7.1.1.0
2023-08-16 20:18:37,850 [WARN] PackLoader:240 - Cannot read IP mode file for STMicroelectronics.FP-SNS-MOTENV1.4.3.2
2023-08-16 20:18:37,869 [WARN] PackLoader:240 - Cannot read IP mode file for STMicroelectronics.X-CUBE-BLE1.6.2.4
2023-08-16 20:18:37,879 [WARN] PackLoader:240 - Cannot read IP mode file for STMicroelectronics.FP-SNS-FLIGHT1.5.0.2
2023-08-16 20:18:37,898 [WARN] PackLoader:240 - Cannot read IP mode file for STMicroelectronics.X-CUBE-DISPLAY.3.0.0
2023-08-16 20:18:37,919 [WARN] PackLoader:240 - Cannot read IP mode file for STMicroelectronics.X-CUBE-BLE1.7.0.0
2023-08-16 20:18:37,932 [WARN] PackLoader:240 - Cannot read IP mode file for emotas.I-CUBE-CANOPEN.1.3.0
2023-08-16 20:18:37,943 [WARN] PackLoader:240 - Cannot read IP mode file for STMicroelectronics.X-CUBE-TOUCHGFX.4.22.0
2023-08-16 20:18:37,969 [INFO] LogOutputStream:77 - [STDOUT_REDIRECT] 1 : Invalid condition id : UX_CORESTACK_Condition cause : null
2023-08-16 20:18:37,970 [INFO] LogOutputStream:77 - [STDOUT_REDIRECT] 1 : Invalid condition id : UX_CORESTACK_Condition cause : null
2023-08-16 20:18:37,972 [INFO] LogOutputStream:77 - [STDOUT_REDIRECT] 1 : Invalid condition id : UX_CORESTACK_Condition cause : null
2023-08-16 20:18:37,975 [INFO] LogOutputStream:77 - [STDOUT_REDIRECT] 1 : Invalid condition id : UX_CORESTACK_Condition cause : null
2023-08-16 20:18:37,978 [INFO] LogOutputStream:77 - [STDOUT_REDIRECT] 1 : Invalid condition id : UX_CORESTACK_Condition cause : null
2023-08-16 20:18:37,990 [WARN] PackLoader:240 - Cannot read IP mode file for STMicroelectronics.X-CUBE-AZRTOS-WL.2.0.0
2023-08-16 20:18:38,011 [WARN] PackLoader:240 - Cannot read IP mode file for WES.I-CUBE-Cesium.1.3.0
2023-08-16 20:18:38,021 [WARN] PackLoader:240 - Cannot read IP mode file for STMicroelectronics.X-CUBE-BLE2.3.3.0
2023-08-16 20:18:38,037 [WARN] PackLoader:240 - Cannot read IP mode file for STMicroelectronics.X-CUBE-ALGOBUILD.1.3.0
2023-08-16 20:18:38,086 [WARN] PackLoader:240 - Cannot read IP mode file for STMicroelectronics.X-CUBE-AZRTOS-G0.1.1.0
2023-08-16 20:18:38,105 [WARN] PackLoader:240 - Cannot read IP mode file for STMicroelectronics.X-CUBE-NFC4.3.0.0
2023-08-16 20:18:38,146 [WARN] PackLoader:240 - Cannot read IP mode file for STMicroelectronics.FP-ATR-SIGFOX1.3.2.0
2023-08-16 20:18:38,276 [WARN] PackLoader:240 - Cannot read IP mode file for SEGGER.I-CUBE-embOS.1.3.1
2023-08-16 20:18:38,411 [WARN] PackLoader:240 - Cannot read IP mode file for STMicroelectronics.X-CUBE-GNSS1.6.0.0
2023-08-16 20:18:38,472 [WARN] PackLoader:240 - Cannot read IP mode file for STMicroelectronics.X-CUBE-AZRTOS-F4.1.1.0
2023-08-16 20:18:38,488 [WARN] PackLoader:240 - Cannot read IP mode file for wolfSSL.I-CUBE-wolfSSL.5.6.3
2023-08-16 20:18:38,515 [INFO] ServerAccessManage:473 - Download File crdb.zip
2023-08-16 20:18:38,544 [WARN] PackLoader:240 - Cannot read IP mode file for STMicroelectronics.X-CUBE-AZRTOS-L5.2.0.0
2023-08-16 20:18:38,696 [WARN] PackLoader:240 - Cannot read IP mode file for STMicroelectronics.X-CUBE-MEMS1.9.6.0
2023-08-16 20:18:38,944 [INFO] FileExtend:240 - Unzip File : crdb.zip
2023-08-16 20:18:38,945 [INFO] FileExtend:255 - Standard Zip Deflate
2023-08-16 20:18:39,085 [INFO] LoadUrlFilesThread:156 - End of LoadUrlFiles Thread
2023-08-16 20:18:39,211 [INFO] ServerAccessManage:473 - Download File tutoVideoDB.zip
2023-08-16 20:18:39,261 [INFO] FileExtend:240 - Unzip File : tutoVideoDB.zip
2023-08-16 20:18:39,261 [INFO] FileExtend:255 - Standard Zip Deflate
2023-08-16 20:18:39,279 [WARN] PackLoader:240 - Cannot read IP mode file for STMicroelectronics.X-CUBE-BLEMGR.2.0.0
2023-08-16 20:18:39,338 [WARN] ConditionMgr:438 - getConditionDescription Invalid condition id : UX DEVICE CLASS RTOS Condition cause : null
2023-08-16 20:18:39,340 [WARN] ConditionMgr:438 - getConditionDescription Invalid condition id : UX DEVICE CLASS RTOS Condition cause : null
2023-08-16 20:18:39,349 [WARN] PackLoader:240 - Cannot read IP mode file for STMicroelectronics.X-CUBE-AZRTOS-H7.3.1.0
2023-08-16 20:18:39,352 [WARN] ConditionMgr:1039 - genDependencies : Invalid condition id : UX DEVICE CLASS RTOS Condition cause : null
2023-08-16 20:18:39,352 [WARN] ConditionMgr:1039 - genDependencies : Invalid condition id : UX DEVICE CLASS RTOS Condition cause : null
2023-08-16 20:18:39,354 [WARN] ConditionMgr:1039 - genDependencies : Invalid condition id : UX DEVICE CLASS RTOS Condition cause : null
2023-08-16 20:18:39,355 [WARN] ConditionMgr:1039 - genDependencies : Invalid condition id : UX DEVICE CLASS RTOS Condition cause : null
2023-08-16 20:18:39,356 [WARN] ConditionMgr:1039 - genDependencies : Invalid condition id : UX DEVICE CLASS RTOS Condition cause : null
2023-08-16 20:18:39,374 [INFO] LoadUrlFilesThread:156 - End of LoadUrlFiles Thread
2023-08-16 20:18:39,375 [WARN] PackLoader:240 - Cannot read IP mode file for STMicroelectronics.X-CUBE-NFC7.1.0.1
2023-08-16 20:18:39,401 [WARN] PackLoader:240 - Cannot read IP mode file for STMicroelectronics.X-CUBE-EEPRMA1.4.1.0
2023-08-16 20:18:39,410 [WARN] PackLoader:240 - Cannot read IP mode file for STMicroelectronics.X-CUBE-AI.8.1.0
2023-08-16 20:18:39,414 [WARN] DbFile:41 - Overriding database path with different value: C:\Users\Omar A.Qadir\.stmcufinder\plugins\mcufinder/ => C:\Users\Omar A.Qadir\.stmcufinder\plugins\mcufinder
2023-08-16 20:18:39,492 [WARN] ConditionMgr:438 - getConditionDescription Invalid condition id : LAN8742 Phy interface Condition cause : null
2023-08-16 20:18:39,494 [WARN] PackLoader:240 - Cannot read IP mode file for STMicroelectronics.X-CUBE-AZRTOS-L4.2.0.0
2023-08-16 20:18:39,496 [WARN] ConditionMgr:1039 - genDependencies : Invalid condition id : LAN8742 Phy interface Condition cause : null
2023-08-16 20:18:39,501 [WARN] ConditionMgr:1039 - genDependencies : Invalid condition id : LAN8742 Phy interface Condition cause : null
2023-08-16 20:18:39,502 [WARN] ConditionMgr:1039 - genDependencies : Invalid condition id : LAN8742 Phy interface Condition cause : null
2023-08-16 20:18:39,509 [INFO] ServerAccessManage:473 - Download File api_config.json
2023-08-16 20:18:39,527 [WARN] PackLoader:240 - Cannot read IP mode file for STMicroelectronics.X-CUBE-SFXS2LP1.4.0.0
2023-08-16 20:18:39,538 [WARN] PackLoader:240 - Cannot read IP mode file for STMicroelectronics.X-CUBE-ISPU.1.1.0
2023-08-16 20:18:39,568 [WARN] ConditionMgr:438 - getConditionDescription Invalid condition id : UX DEVICE CLASS RTOS Condition cause : null
2023-08-16 20:18:39,568 [WARN] ConditionMgr:438 - getConditionDescription Invalid condition id : UX DEVICE CLASS RTOS Condition cause : null
2023-08-16 20:18:39,593 [WARN] PackLoader:240 - Cannot read IP mode file for STMicroelectronics.X-CUBE-AZRTOS-WB.2.0.0
2023-08-16 20:18:39,594 [WARN] ConditionMgr:1039 - genDependencies : Invalid condition id : UX DEVICE CLASS RTOS Condition cause : null
2023-08-16 20:18:39,594 [WARN] ConditionMgr:1039 - genDependencies : Invalid condition id : UX DEVICE CLASS RTOS Condition cause : null
2023-08-16 20:18:39,595 [WARN] ConditionMgr:1039 - genDependencies : Invalid condition id : UX DEVICE CLASS RTOS Condition cause : null
2023-08-16 20:18:39,596 [WARN] ConditionMgr:1039 - genDependencies : Invalid condition id : UX DEVICE CLASS RTOS Condition cause : null
2023-08-16 20:18:39,596 [WARN] ConditionMgr:1039 - genDependencies : Invalid condition id : UX DEVICE CLASS RTOS Condition cause : null
2023-08-16 20:18:39,609 [WARN] PackLoader:240 - Cannot read IP mode file for STMicroelectronics.X-CUBE-FREERTOS.1.0.1
2023-08-16 20:18:39,620 [INFO] LoadUrlFilesThread:156 - End of LoadUrlFiles Thread
2023-08-16 20:18:39,621 [INFO] DbMcusAds:53 - JSON generation date=Tue Mar 07 10:50:55 EET 2023 (1678179055114)
2023-08-16 20:18:39,652 [WARN] PackLoader:240 - Cannot read IP mode file for STMicroelectronics.X-CUBE-AZRTOS-L5.1.1.0
2023-08-16 20:18:39,665 [WARN] PackLoader:240 - Cannot read IP mode file for STMicroelectronics.X-CUBE-AI.8.0.1
2023-08-16 20:18:39,687 [WARN] PackLoader:240 - Cannot read IP mode file for STMicroelectronics.X-CUBE-SUBG2.5.0.0
2023-08-16 20:18:39,689 [INFO] LoadUrlFilesThread:185 - End of LoadServerUrlFiles without Thread
2023-08-16 20:18:39,689 [INFO] TargetSelectorAdapter:259 - Refresh data is successful
2023-08-16 20:18:39,746 [WARN] PackLoader:240 - Cannot read IP mode file for STMicroelectronics.X-CUBE-TOF1.3.3.1
2023-08-16 20:18:39,813 [WARN] PackLoader:240 - Cannot read IP mode file for STMicroelectronics.X-CUBE-AZRTOS-G4.2.0.0
2023-08-16 20:18:39,830 [WARN] PackLoader:240 - Cannot read IP mode file for portGmbH.I-Cube-SoM-uGOAL.1.1.0
2023-08-16 20:18:39,838 [WARN] PackLoader:240 - Cannot read IP mode file for STMicroelectronics.X-CUBE-ALS.1.0.1
2023-08-16 20:18:39,874 [WARN] PackLoader:240 - Cannot read IP mode file for STMicroelectronics.X-CUBE-AZRTOS-WB.1.1.0
2023-08-16 20:18:39,887 [WARN] PackLoader:240 - Cannot read IP mode file for STMicroelectronics.FP-ATR-ASTRA1.2.0.0
2023-08-16 20:18:39,888 [INFO] ThirdParty:978 - Integrity check success = true
2023-08-16 20:18:39,888 [INFO] IntegrityCheckThread:100 - exiting critical section [integrity check]
2023-08-16 20:18:39,888 [INFO] IntegrityCheckThread:103 - End integrity checks thread
2023-08-16 20:18:39,904 [INFO] ApiDb:581 - Connected to CubeFinder SQLite database (C:\Users\Omar A.Qadir\.stmcufinder\plugins\mcufinder\mcu\cube-finder-db.db)
2023-08-16 20:18:40,053 [INFO] ApiDb:668 - CubeFinder database Data Model version=2.1
2023-08-16 20:18:40,053 [INFO] ApiDb:669 - CubeFinder database Configuration version=3.0.37
2023-08-16 20:18:40,054 [INFO] ApiDb:670 - CubeFinder database generation date=2023-08-09 (1691586011)
2023-08-16 20:18:40,054 [INFO] ApiDb:671 - CubeFinder database FW Pack versions=[FP-ATR-ASTRA1_V2.0.0, FP-SNS-FLIGHT1_V5.0.1, FP-SNS-FLIGHT1_V5.0.2, FP-SNS-MOTENV1_V4.3.1, FP-SNS-MOTENV1_V4.3.2, STM32Cube_FW_C0_V1.1.0, STM32Cube_FW_F4_V1.27.1, STM32Cube_FW_F7_V1.17.0, STM32Cube_FW_G0_V1.6.1, STM32Cube_FW_G4_V1.5.1, STM32Cube_FW_H5_V0.5.1, STM32Cube_FW_H5_V1.1.0, STM32Cube_FW_H7_V1.11.0, STM32Cube_FW_L0_V1.12.2, STM32Cube_FW_L5_V1.5.0, STM32Cube_FW_U5_V1.3.0, STM32Cube_FW_U5_V1.3.0RC4, STM32Cube_FW_WBA_V1.0.0RC1, STM32Cube_FW_WBA_V1.1.0, STM32Cube_FW_WBA_V1.1.0RC1, STM32Cube_FW_WB_V1.15.0RC1, STM32Cube_FW_WB_V1.16.0, STM32Cube_FW_WB_V1.16.0RC2, STM32Cube_FW_WB_V1.17.0, STM32Cube_FW_WL_V1.3.0, X-CUBE-ALGOBUILD_V1.3.0, X-CUBE-ALS_V1.0.1, X-CUBE-AZRTOS-F4_V1.1.0, X-CUBE-AZRTOS-F7_V1.1.0, X-CUBE-AZRTOS-G0_V1.1.0, X-CUBE-AZRTOS-G4_V2.0.0, X-CUBE-AZRTOS-H7_V3.1.0, X-CUBE-AZRTOS-L4_V1.0.0, X-CUBE-AZRTOS-L4_V2.0.0, X-CUBE-AZRTOS-L5_V1.1.0, X-CUBE-AZRTOS-WB_V1.1.0, X-CUBE-AZRTOS-WL_V2.0.0, X-CUBE-BLE1_V7.0.0, X-CUBE-BLE2_V3.3.0, X-CUBE-BLEMGR_V2.0.0, X-CUBE-EEPRMA1_V4.1.0, X-CUBE-FREERTOS_V1.1.0, X-CUBE-GNSS1_V6.0.0, X-CUBE-MEMS1_V9.1.0, X-CUBE-MEMS1_V9.4.0, X-CUBE-MEMS1_V9.6.0, X-CUBE-NFC4_V3.0.0, X-CUBE-NFC7_V1.0.0, X-CUBE-SFXS2LP1_V4.0.0, X-CUBE-SUBG2_V5.0.0, X-CUBE-TOF1_V3.3.1]
2023-08-16 20:18:44,425 [ERROR] LogOutputStream:75 - [STDERR_REDIRECT] SLF4J: Failed to load class "org.slf4j.impl.StaticLoggerBinder".
2023-08-16 20:18:44,425 [ERROR] LogOutputStream:75 - [STDERR_REDIRECT] SLF4J: Defaulting to no-operation (NOP) logger implementation
2023-08-16 20:18:44,428 [ERROR] LogOutputStream:75 - [STDERR_REDIRECT] SLF4J: See http://www.slf4j.org/codes.html#StaticLoggerBinder for further details.
2023-08-16 20:18:44,800 [INFO] ApiDb:240 - Found 323 in-development CPN: [B-G473E-ZEST1S, B-WB1M-WPAN1, B-WL5M-SUBG1, NUCLEO-C031C6, NUCLEO-H503RB, NUCLEO-H563ZI, NUCLEO-U545RE-Q, NUCLEO-U5A5ZJ-Q, NUCLEO-WBA52CG, STEVAL-PROTEUS1, STEVAL-SMARTAG2, STEVAL-STWINBX1, STM320518-EVAL, STM32C0116-DK, STM32C011D6Y3TR, STM32C011D6Y6TR, STM32C011F4P3, STM32C011F4P6, STM32C011F4U3, STM32C011F4U6TR, STM32C011F6P3, STM32C011F6P6, STM32C011F6U3, STM32C011F6U6TR, STM32C011J4M3, STM32C011J4M6, STM32C011J6M3, STM32C011J6M6, STM32C0316-DK, STM32C031C4T3, STM32C031C4T6, STM32C031C4U3, STM32C031C4U6, STM32C031C6T3, STM32C031C6T6, STM32C031C6U3, STM32C031C6U6, STM32C031F4P3, STM32C031F4P6, STM32C031F6P3, STM32C031F6P6, STM32C031G4U3, STM32C031G4U6, STM32C031G6U3, STM32C031G6U6, STM32C031K4T3, STM32C031K4T6, STM32C031K4U3, STM32C031K4U6, STM32C031K6T3, STM32C031K6T6, STM32C031K6U3, STM32C031K6U6, STM32G071K8TXN, STM32G071K8UXN, STM32G081GBU6N, STM32G081KBT6N, STM32G081KBUXN, STM32G0B1CCT6N, STM32G0B1KCT6, STM32G0B1NEY6TR, STM32G0B1RCT6N, STM32G0C1CCT6, STM32G0C1CCT6N, STM32G0C1CCU6N, STM32G0C1CET6N, STM32G0C1CEU6N, STM32G0C1KCT6, STM32G0C1NEY6TR, STM32G0C1RCI6N, STM32G0C1RCT6N, STM32G0C1REI6N, STM32G0C1RET6N, STM32G0C1VCI6, STM32G0C1VEI6, STM32G471CCT6, STM32G471CCU6, STM32G471CET3, STM32G471CET6, STM32G471CEU3, STM32G471CEU6, STM32G471MCT6, STM32G471MET3, STM32G471MET6, STM32G471MEY6TR, STM32G471QCT6, STM32G471QET3, STM32G471RCT6, STM32G471RET3, STM32G471RET6, STM32G471VCH6, STM32G471VCI6, STM32G471VCT6, STM32G471VEH3, STM32G471VEH6, STM32G471VEI3, STM32G471VEI6, STM32G471VET3, STM32G471VET6, STM32G474CCT6, STM32H503CBT6, STM32H503CBU6, STM32H503EBY6TR, STM32H503KBU6, STM32H503RBT6, STM32H562AGI6, STM32H562AII6, STM32H562IGK6, STM32H562IGT6, STM32H562IIK6, STM32H562IIT6, STM32H562RGT6, STM32H562RGV6, STM32H562RIT6, STM32H562RIV6, STM32H562VGT6, STM32H562VIT6, STM32H562ZGT6, STM32H562ZIT6, STM32H563AGI6, STM32H563AII3Q, STM32H563AII6, STM32H563IGK6, STM32H563IGT6, STM32H563IIK3Q, STM32H563IIK6, STM32H563IIT3Q, STM32H563IIT6, STM32H563MIY3QTR, STM32H563RGT6, STM32H563RGV6, STM32H563RIT6, STM32H563RIV6, STM32H563VGT6, STM32H563VIT3Q, STM32H563VIT6, STM32H563ZGT6, STM32H563ZIT3Q, STM32H563ZIT6, STM32H573AII3Q, STM32H573AII6, STM32H573I-DK, STM32H573IIK3Q, STM32H573IIK6, STM32H573IIT3Q, STM32H573IIT6, STM32H573MIY3QTR, STM32H573RIT6, STM32H573RIV6, STM32H573VIT3Q, STM32H573VIT6, STM32H573ZIT3Q, STM32H573ZIT6, STM32L4R5QGI6STR, STM32MP131AAE3, STM32MP131AAF3, STM32MP131AAG3, STM32MP131CAE3, STM32MP131CAF3, STM32MP131CAG3, STM32MP131DAE7, STM32MP131DAF7, STM32MP131DAG7, STM32MP131FAE7, STM32MP131FAF7, STM32MP131FAG7, STM32MP133AAE3, STM32MP133AAF3, STM32MP133AAG3, STM32MP133CAE3, STM32MP133CAF3, STM32MP133CAG3, STM32MP133DAE7, STM32MP133DAF7, STM32MP133DAG7, STM32MP133FAE7, STM32MP133FAF7, STM32MP133FAG7, STM32MP135AAE3, STM32MP135AAF3, STM32MP135AAG3, STM32MP135CAE3, STM32MP135CAF3, STM32MP135CAG3, STM32MP135DAE7, STM32MP135DAF7, STM32MP135DAG7, STM32MP135F-DK, STM32MP135FAE7, STM32MP135FAF7, STM32MP135FAF7T, STM32MP135FAF7U, STM32MP135FAG7, STM32U535CBT6, STM32U535CBT6Q, STM32U535CBU6, STM32U535CBU6Q, STM32U535CCT6, STM32U535CCT6Q, STM32U535CCU6, STM32U535CCU6Q, STM32U535CET6, STM32U535CET6Q, STM32U535CEU6, STM32U535CEU6Q, STM32U535JEY6QTR, STM32U535NCY6QTR, STM32U535NEY6QTR, STM32U535RBI6, STM32U535RBI6Q, STM32U535RBT6, STM32U535RBT6Q, STM32U535RCI6, STM32U535RCI6Q, STM32U535RCT6, STM32U535RCT6Q, STM32U535REI6, STM32U535REI6Q, STM32U535RET6, STM32U535RET6Q, STM32U535VCI6, STM32U535VCI6Q, STM32U535VCT6, STM32U535VCT6Q, STM32U535VEI6, STM32U535VEI6Q, STM32U535VET6, STM32U535VET6Q, STM32U545CET6, STM32U545CET6Q, STM32U545CEU6, STM32U545CEU6Q, STM32U545JEY6QTR, STM32U545NEY6QTR, STM32U545REI6, STM32U545REI6Q, STM32U545RET6, STM32U545RET6Q, STM32U545VEI6, STM32U545VEI6Q, STM32U545VET6, STM32U545VET6Q, STM32U595AIH6, STM32U595AIH6Q, STM32U595AJH6, STM32U595AJH6Q, STM32U595QII6, STM32U595QII6Q, STM32U595QJI6, STM32U595QJI6Q, STM32U595RIT6, STM32U595RIT6Q, STM32U595RJT6, STM32U595RJT6Q, STM32U595VIT6, STM32U595VIT6Q, STM32U595VJT6, STM32U595VJT6Q, STM32U595ZIT6, STM32U595ZIT6Q, STM32U595ZIY6QTR, STM32U595ZJT6, STM32U595ZJT6Q, STM32U595ZJY6QTR, STM32U599BJY6QTR, STM32U599NIH6Q, STM32U599NJH6Q, STM32U599VIT6Q, STM32U599VJT6, STM32U599VJT6Q, STM32U599ZIT6Q, STM32U599ZIY6QTR, STM32U599ZJT6Q, STM32U599ZJY6QTR, STM32U5A5AJH6, STM32U5A5AJH6Q, STM32U5A5QJI6, STM32U5A5QJI6Q, STM32U5A5RJT6, STM32U5A5RJT6Q, STM32U5A5VJT6, STM32U5A5VJT6Q, STM32U5A5ZJT6, STM32U5A5ZJT6Q, STM32U5A5ZJY6QTR, STM32U5A9BJY6QTR, STM32U5A9J-DK, STM32U5A9NJH6Q, STM32U5A9VJT6Q, STM32U5A9ZJT6Q, STM32U5A9ZJY6QTR, STM32U5F7VIT6, STM32U5F7VIT6Q, STM32U5F7VJT6, STM32U5F7VJT6Q, STM32U5F9BJY6QTR, STM32U5F9NJH6Q, STM32U5F9VIT6Q, STM32U5F9VJT6Q, STM32U5F9ZIJ6QTR, STM32U5F9ZIT6Q, STM32U5F9ZJJ6QTR, STM32U5F9ZJT6Q, STM32U5G7VJT6, STM32U5G7VJT6Q, STM32U5G9BJY6QTR, STM32U5G9J-DK1, STM32U5G9J-DK2, STM32U5G9NJH6Q, STM32U5G9VJT6Q, STM32U5G9ZJJ6QTR, STM32U5G9ZJT6Q, STM32WB1MMCH6, STM32WBA52CEU6, STM32WBA52CEU6T, STM32WBA52CGU6, STM32WBA52CGU6T, STM32WBA52KEU6, STM32WBA52KEU6T, STM32WBA52KGU6, STM32WBA52KGU6T, STM32WL5MOCH6, STM32WL5MOCH6TR]
2023-08-16 20:18:44,811 [INFO] DbMcus:217 - Found 3848 MCUs, 3848 are supported
2023-08-16 20:18:44,815 [INFO] ApiDb:423 - Load user favorites file C:\Users\Omar A.Qadir/.stm32cubeide/favorites.mcus.txt: 1 item(s)
2023-08-16 20:18:44,816 [INFO] ApiDb:427 - User favorites MCUs=[STM32F401RET6]
2023-08-16 20:18:44,816 [INFO] DbMcus:223 - Set 1 / 1 favorites MCUs
2023-08-16 20:18:45,367 [INFO] ApiDb:668 - CubeFinder database Data Model version=2.1
2023-08-16 20:18:45,368 [INFO] ApiDb:669 - CubeFinder database Configuration version=3.0.37
2023-08-16 20:18:45,368 [INFO] ApiDb:670 - CubeFinder database generation date=2023-08-09 (1691586011)
2023-08-16 20:18:45,368 [INFO] ApiDb:671 - CubeFinder database FW Pack versions=[FP-ATR-ASTRA1_V2.0.0, FP-SNS-FLIGHT1_V5.0.1, FP-SNS-FLIGHT1_V5.0.2, FP-SNS-MOTENV1_V4.3.1, FP-SNS-MOTENV1_V4.3.2, STM32Cube_FW_C0_V1.1.0, STM32Cube_FW_F4_V1.27.1, STM32Cube_FW_F7_V1.17.0, STM32Cube_FW_G0_V1.6.1, STM32Cube_FW_G4_V1.5.1, STM32Cube_FW_H5_V0.5.1, STM32Cube_FW_H5_V1.1.0, STM32Cube_FW_H7_V1.11.0, STM32Cube_FW_L0_V1.12.2, STM32Cube_FW_L5_V1.5.0, STM32Cube_FW_U5_V1.3.0, STM32Cube_FW_U5_V1.3.0RC4, STM32Cube_FW_WBA_V1.0.0RC1, STM32Cube_FW_WBA_V1.1.0, STM32Cube_FW_WBA_V1.1.0RC1, STM32Cube_FW_WB_V1.15.0RC1, STM32Cube_FW_WB_V1.16.0, STM32Cube_FW_WB_V1.16.0RC2, STM32Cube_FW_WB_V1.17.0, STM32Cube_FW_WL_V1.3.0, X-CUBE-ALGOBUILD_V1.3.0, X-CUBE-ALS_V1.0.1, X-CUBE-AZRTOS-F4_V1.1.0, X-CUBE-AZRTOS-F7_V1.1.0, X-CUBE-AZRTOS-G0_V1.1.0, X-CUBE-AZRTOS-G4_V2.0.0, X-CUBE-AZRTOS-H7_V3.1.0, X-CUBE-AZRTOS-L4_V1.0.0, X-CUBE-AZRTOS-L4_V2.0.0, X-CUBE-AZRTOS-L5_V1.1.0, X-CUBE-AZRTOS-WB_V1.1.0, X-CUBE-AZRTOS-WL_V2.0.0, X-CUBE-BLE1_V7.0.0, X-CUBE-BLE2_V3.3.0, X-CUBE-BLEMGR_V2.0.0, X-CUBE-EEPRMA1_V4.1.0, X-CUBE-FREERTOS_V1.1.0, X-CUBE-GNSS1_V6.0.0, X-CUBE-MEMS1_V9.1.0, X-CUBE-MEMS1_V9.4.0, X-CUBE-MEMS1_V9.6.0, X-CUBE-NFC4_V3.0.0, X-CUBE-NFC7_V1.0.0, X-CUBE-SFXS2LP1_V4.0.0, X-CUBE-SUBG2_V5.0.0, X-CUBE-TOF1_V3.3.1]
2023-08-16 20:18:45,524 [INFO] DbBoardsSqlite:226 - include board P-NUCLEO-WB55-NUCLEO as a kit item of type 'Nucleo-64'
2023-08-16 20:18:45,525 [INFO] DbBoardsSqlite:226 - include board P-NUCLEO-WB55-USBDONGLE as a kit item of type 'Nucleo USB Dongle'
2023-08-16 20:18:45,526 [INFO] DbBoardsSqlite:226 - include board STEVAL-IDP005V1 as a kit item of type 'Evaluation Board'
2023-08-16 20:18:45,526 [INFO] DbBoardsSqlite:226 - include board STEVAL-IDP005V2 as a kit item of type 'Evaluation Board'
2023-08-16 20:18:45,648 [INFO] ApiDb:240 - Found 323 in-development CPN: [B-G473E-ZEST1S, B-WB1M-WPAN1, B-WL5M-SUBG1, NUCLEO-C031C6, NUCLEO-H503RB, NUCLEO-H563ZI, NUCLEO-U545RE-Q, NUCLEO-U5A5ZJ-Q, NUCLEO-WBA52CG, STEVAL-PROTEUS1, STEVAL-SMARTAG2, STEVAL-STWINBX1, STM320518-EVAL, STM32C0116-DK, STM32C011D6Y3TR, STM32C011D6Y6TR, STM32C011F4P3, STM32C011F4P6, STM32C011F4U3, STM32C011F4U6TR, STM32C011F6P3, STM32C011F6P6, STM32C011F6U3, STM32C011F6U6TR, STM32C011J4M3, STM32C011J4M6, STM32C011J6M3, STM32C011J6M6, STM32C0316-DK, STM32C031C4T3, STM32C031C4T6, STM32C031C4U3, STM32C031C4U6, STM32C031C6T3, STM32C031C6T6, STM32C031C6U3, STM32C031C6U6, STM32C031F4P3, STM32C031F4P6, STM32C031F6P3, STM32C031F6P6, STM32C031G4U3, STM32C031G4U6, STM32C031G6U3, STM32C031G6U6, STM32C031K4T3, STM32C031K4T6, STM32C031K4U3, STM32C031K4U6, STM32C031K6T3, STM32C031K6T6, STM32C031K6U3, STM32C031K6U6, STM32G071K8TXN, STM32G071K8UXN, STM32G081GBU6N, STM32G081KBT6N, STM32G081KBUXN, STM32G0B1CCT6N, STM32G0B1KCT6, STM32G0B1NEY6TR, STM32G0B1RCT6N, STM32G0C1CCT6, STM32G0C1CCT6N, STM32G0C1CCU6N, STM32G0C1CET6N, STM32G0C1CEU6N, STM32G0C1KCT6, STM32G0C1NEY6TR, STM32G0C1RCI6N, STM32G0C1RCT6N, STM32G0C1REI6N, STM32G0C1RET6N, STM32G0C1VCI6, STM32G0C1VEI6, STM32G471CCT6, STM32G471CCU6, STM32G471CET3, STM32G471CET6, STM32G471CEU3, STM32G471CEU6, STM32G471MCT6, STM32G471MET3, STM32G471MET6, STM32G471MEY6TR, STM32G471QCT6, STM32G471QET3, STM32G471RCT6, STM32G471RET3, STM32G471RET6, STM32G471VCH6, STM32G471VCI6, STM32G471VCT6, STM32G471VEH3, STM32G471VEH6, STM32G471VEI3, STM32G471VEI6, STM32G471VET3, STM32G471VET6, STM32G474CCT6, STM32H503CBT6, STM32H503CBU6, STM32H503EBY6TR, STM32H503KBU6, STM32H503RBT6, STM32H562AGI6, STM32H562AII6, STM32H562IGK6, STM32H562IGT6, STM32H562IIK6, STM32H562IIT6, STM32H562RGT6, STM32H562RGV6, STM32H562RIT6, STM32H562RIV6, STM32H562VGT6, STM32H562VIT6, STM32H562ZGT6, STM32H562ZIT6, STM32H563AGI6, STM32H563AII3Q, STM32H563AII6, STM32H563IGK6, STM32H563IGT6, STM32H563IIK3Q, STM32H563IIK6, STM32H563IIT3Q, STM32H563IIT6, STM32H563MIY3QTR, STM32H563RGT6, STM32H563RGV6, STM32H563RIT6, STM32H563RIV6, STM32H563VGT6, STM32H563VIT3Q, STM32H563VIT6, STM32H563ZGT6, STM32H563ZIT3Q, STM32H563ZIT6, STM32H573AII3Q, STM32H573AII6, STM32H573I-DK, STM32H573IIK3Q, STM32H573IIK6, STM32H573IIT3Q, STM32H573IIT6, STM32H573MIY3QTR, STM32H573RIT6, STM32H573RIV6, STM32H573VIT3Q, STM32H573VIT6, STM32H573ZIT3Q, STM32H573ZIT6, STM32L4R5QGI6STR, STM32MP131AAE3, STM32MP131AAF3, STM32MP131AAG3, STM32MP131CAE3, STM32MP131CAF3, STM32MP131CAG3, STM32MP131DAE7, STM32MP131DAF7, STM32MP131DAG7, STM32MP131FAE7, STM32MP131FAF7, STM32MP131FAG7, STM32MP133AAE3, STM32MP133AAF3, STM32MP133AAG3, STM32MP133CAE3, STM32MP133CAF3, STM32MP133CAG3, STM32MP133DAE7, STM32MP133DAF7, STM32MP133DAG7, STM32MP133FAE7, STM32MP133FAF7, STM32MP133FAG7, STM32MP135AAE3, STM32MP135AAF3, STM32MP135AAG3, STM32MP135CAE3, STM32MP135CAF3, STM32MP135CAG3, STM32MP135DAE7, STM32MP135DAF7, STM32MP135DAG7, STM32MP135F-DK, STM32MP135FAE7, STM32MP135FAF7, STM32MP135FAF7T, STM32MP135FAF7U, STM32MP135FAG7, STM32U535CBT6, STM32U535CBT6Q, STM32U535CBU6, STM32U535CBU6Q, STM32U535CCT6, STM32U535CCT6Q, STM32U535CCU6, STM32U535CCU6Q, STM32U535CET6, STM32U535CET6Q, STM32U535CEU6, STM32U535CEU6Q, STM32U535JEY6QTR, STM32U535NCY6QTR, STM32U535NEY6QTR, STM32U535RBI6, STM32U535RBI6Q, STM32U535RBT6, STM32U535RBT6Q, STM32U535RCI6, STM32U535RCI6Q, STM32U535RCT6, STM32U535RCT6Q, STM32U535REI6, STM32U535REI6Q, STM32U535RET6, STM32U535RET6Q, STM32U535VCI6, STM32U535VCI6Q, STM32U535VCT6, STM32U535VCT6Q, STM32U535VEI6, STM32U535VEI6Q, STM32U535VET6, STM32U535VET6Q, STM32U545CET6, STM32U545CET6Q, STM32U545CEU6, STM32U545CEU6Q, STM32U545JEY6QTR, STM32U545NEY6QTR, STM32U545REI6, STM32U545REI6Q, STM32U545RET6, STM32U545RET6Q, STM32U545VEI6, STM32U545VEI6Q, STM32U545VET6, STM32U545VET6Q, STM32U595AIH6, STM32U595AIH6Q, STM32U595AJH6, STM32U595AJH6Q, STM32U595QII6, STM32U595QII6Q, STM32U595QJI6, STM32U595QJI6Q, STM32U595RIT6, STM32U595RIT6Q, STM32U595RJT6, STM32U595RJT6Q, STM32U595VIT6, STM32U595VIT6Q, STM32U595VJT6, STM32U595VJT6Q, STM32U595ZIT6, STM32U595ZIT6Q, STM32U595ZIY6QTR, STM32U595ZJT6, STM32U595ZJT6Q, STM32U595ZJY6QTR, STM32U599BJY6QTR, STM32U599NIH6Q, STM32U599NJH6Q, STM32U599VIT6Q, STM32U599VJT6, STM32U599VJT6Q, STM32U599ZIT6Q, STM32U599ZIY6QTR, STM32U599ZJT6Q, STM32U599ZJY6QTR, STM32U5A5AJH6, STM32U5A5AJH6Q, STM32U5A5QJI6, STM32U5A5QJI6Q, STM32U5A5RJT6, STM32U5A5RJT6Q, STM32U5A5VJT6, STM32U5A5VJT6Q, STM32U5A5ZJT6, STM32U5A5ZJT6Q, STM32U5A5ZJY6QTR, STM32U5A9BJY6QTR, STM32U5A9J-DK, STM32U5A9NJH6Q, STM32U5A9VJT6Q, STM32U5A9ZJT6Q, STM32U5A9ZJY6QTR, STM32U5F7VIT6, STM32U5F7VIT6Q, STM32U5F7VJT6, STM32U5F7VJT6Q, STM32U5F9BJY6QTR, STM32U5F9NJH6Q, STM32U5F9VIT6Q, STM32U5F9VJT6Q, STM32U5F9ZIJ6QTR, STM32U5F9ZIT6Q, STM32U5F9ZJJ6QTR, STM32U5F9ZJT6Q, STM32U5G7VJT6, STM32U5G7VJT6Q, STM32U5G9BJY6QTR, STM32U5G9J-DK1, STM32U5G9J-DK2, STM32U5G9NJH6Q, STM32U5G9VJT6Q, STM32U5G9ZJJ6QTR, STM32U5G9ZJT6Q, STM32WB1MMCH6, STM32WBA52CEU6, STM32WBA52CEU6T, STM32WBA52CGU6, STM32WBA52CGU6T, STM32WBA52KEU6, STM32WBA52KEU6T, STM32WBA52KGU6, STM32WBA52KGU6T, STM32WL5MOCH6, STM32WL5MOCH6TR]
2023-08-16 20:18:45,978 [INFO] BoardInfo:880 - No configuration file found for board P-NUCLEO-WB55
2023-08-16 20:18:45,978 [INFO] DbBoards:157 - Kit is not supported: P-NUCLEO-WB55
2023-08-16 20:18:45,987 [INFO] BoardInfo:880 - No configuration file found for board STEVAL-BFA001V1B
2023-08-16 20:18:45,987 [INFO] DbBoards:157 - Kit is not supported: STEVAL-BFA001V1B
2023-08-16 20:18:45,989 [INFO] BoardInfo:880 - No configuration file found for board STEVAL-BFA001V2B
2023-08-16 20:18:45,989 [INFO] DbBoards:157 - Kit is not supported: STEVAL-BFA001V2B
2023-08-16 20:18:46,306 [INFO] DbBoards:161 - Found 190 boards, 187 are supported
2023-08-16 20:18:46,312 [INFO] ApiDb:423 - Load user favorites file C:\Users\Omar A.Qadir/.stm32cubeide/favorites.boards.txt: 1 item(s)
2023-08-16 20:18:46,312 [INFO] ApiDb:427 - User favorites Boards=[NUCLEO-F401RE]
2023-08-16 20:18:46,312 [INFO] DbBoards:190 - Set 1 / 1 favorites Boards
2023-08-16 20:18:46,317 [INFO] ApiDb:668 - CubeFinder database Data Model version=2.1
2023-08-16 20:18:46,318 [INFO] ApiDb:669 - CubeFinder database Configuration version=3.0.37
2023-08-16 20:18:46,318 [INFO] ApiDb:670 - CubeFinder database generation date=2023-08-09 (1691586011)
2023-08-16 20:18:46,318 [INFO] ApiDb:671 - CubeFinder database FW Pack versions=[FP-ATR-ASTRA1_V2.0.0, FP-SNS-FLIGHT1_V5.0.1, FP-SNS-FLIGHT1_V5.0.2, FP-SNS-MOTENV1_V4.3.1, FP-SNS-MOTENV1_V4.3.2, STM32Cube_FW_C0_V1.1.0, STM32Cube_FW_F4_V1.27.1, STM32Cube_FW_F7_V1.17.0, STM32Cube_FW_G0_V1.6.1, STM32Cube_FW_G4_V1.5.1, STM32Cube_FW_H5_V0.5.1, STM32Cube_FW_H5_V1.1.0, STM32Cube_FW_H7_V1.11.0, STM32Cube_FW_L0_V1.12.2, STM32Cube_FW_L5_V1.5.0, STM32Cube_FW_U5_V1.3.0, STM32Cube_FW_U5_V1.3.0RC4, STM32Cube_FW_WBA_V1.0.0RC1, STM32Cube_FW_WBA_V1.1.0, STM32Cube_FW_WBA_V1.1.0RC1, STM32Cube_FW_WB_V1.15.0RC1, STM32Cube_FW_WB_V1.16.0, STM32Cube_FW_WB_V1.16.0RC2, STM32Cube_FW_WB_V1.17.0, STM32Cube_FW_WL_V1.3.0, X-CUBE-ALGOBUILD_V1.3.0, X-CUBE-ALS_V1.0.1, X-CUBE-AZRTOS-F4_V1.1.0, X-CUBE-AZRTOS-F7_V1.1.0, X-CUBE-AZRTOS-G0_V1.1.0, X-CUBE-AZRTOS-G4_V2.0.0, X-CUBE-AZRTOS-H7_V3.1.0, X-CUBE-AZRTOS-L4_V1.0.0, X-CUBE-AZRTOS-L4_V2.0.0, X-CUBE-AZRTOS-L5_V1.1.0, X-CUBE-AZRTOS-WB_V1.1.0, X-CUBE-AZRTOS-WL_V2.0.0, X-CUBE-BLE1_V7.0.0, X-CUBE-BLE2_V3.3.0, X-CUBE-BLEMGR_V2.0.0, X-CUBE-EEPRMA1_V4.1.0, X-CUBE-FREERTOS_V1.1.0, X-CUBE-GNSS1_V6.0.0, X-CUBE-MEMS1_V9.1.0, X-CUBE-MEMS1_V9.4.0, X-CUBE-MEMS1_V9.6.0, X-CUBE-NFC4_V3.0.0, X-CUBE-NFC7_V1.0.0, X-CUBE-SFXS2LP1_V4.0.0, X-CUBE-SUBG2_V5.0.0, X-CUBE-TOF1_V3.3.1]
2023-08-16 20:18:48,519 [INFO] DbExamplesSqlite:395 - Ignored 27 examples not supported by CubeIDE
2023-08-16 20:18:48,519 [INFO] DbExamplesSqlite:396 - Found 7231 examples active
2023-08-16 20:18:48,519 [INFO] DbExamplesSqlite:397 - Found 677 examples obsolete
2023-08-16 20:18:48,520 [INFO] DbExamplesSqlite:398 - Found 0 examples under development
2023-08-16 20:18:48,520 [INFO] DbExamplesSqlite:399 - Found 74 examples not building
2023-08-16 20:18:48,522 [INFO] DbExamples:125 - Found 7278 examples
2023-08-16 20:18:48,552 [INFO] DbExamples:222 - Found 92 boards with related examples
2023-08-16 20:18:48,554 [INFO] DbExamples:235 - Found 78 MCUs with related examples
2023-08-16 20:18:48,604 [INFO] ApiDb:414 - User favorites file not found: C:\Users\Omar A.Qadir/.stm32cubeide/favorites.examples.txt
2023-08-16 20:18:48,604 [INFO] DbExamples:250 - Set 0 / 0 favorites Examples
2023-08-16 20:18:48,924 [INFO] McuFinderGlobals:76 - Set McuFinderConnectedMode to true
2023-08-16 20:18:48,940 [INFO] MultiScanPanel:200 - Auto-refresh data requested => check proxy status ongoing
2023-08-16 20:18:48,947 [INFO] FinderPluginLoader:95 - Searching for filters in installed packs
2023-08-16 20:18:52,686 [INFO] LoadUrlFilesThread:185 - End of LoadServerUrlFiles without Thread
2023-08-16 20:18:52,703 [INFO] DetailPanel:341 - Set advertising image to C:/Users/Omar A.Qadir/STM32Cube/Repository/\en.prom-stm32h5-mcu-finder.jpg
2023-08-16 20:19:02,845 [INFO] MultiScanPanel:200 - Auto-refresh data requested => check proxy status ongoing
2023-08-16 20:19:03,152 [INFO] LoadUrlFilesThread:185 - End of LoadServerUrlFiles without Thread
2023-08-16 20:19:03,152 [INFO] DetailPanel:341 - Set advertising image to C:/Users/Omar A.Qadir/STM32Cube/Repository/\en.prom-stm32h5-mcu-finder.jpg
2023-08-16 20:19:03,178 [INFO] DbBoards:634 - Loading board mini-images...
2023-08-16 20:19:10,264 [ERROR] DbBoards:651 - Image file not found for board STM32U5G9J-DK1: C:\Users\Omar A.Qadir\.stmcufinder\plugins\mcufinder//mcu//boards_images/STM32U5G9J-DK1.jpg
2023-08-16 20:19:10,265 [ERROR] DbBoards:651 - Image file not found for board STM32U5G9J-DK2: C:\Users\Omar A.Qadir\.stmcufinder\plugins\mcufinder//mcu//boards_images/STM32U5G9J-DK2.jpg
2023-08-16 20:19:10,305 [INFO] DbBoards:657 - Loaded 188 board mini-images
2023-08-16 20:19:38,628 [INFO] McuFinderGlobals:76 - Set McuFinderConnectedMode to true
2023-08-16 20:19:38,633 [INFO] ApiDb:448 - Save user favorites file C:\Users\Omar A.Qadir/.stm32cubeide/favorites.mcus.txt: 1 item(s)
2023-08-16 20:19:38,634 [INFO] ApiDb:452 - User favorites MCUs=[STM32F401RET6]
2023-08-16 20:19:38,636 [INFO] ApiDb:448 - Save user favorites file C:\Users\Omar A.Qadir/.stm32cubeide/favorites.boards.txt: 1 item(s)
2023-08-16 20:19:38,636 [INFO] ApiDb:452 - User favorites Boards=[NUCLEO-F401RE]
2023-08-16 21:00:02,396 [ERROR] ConfigurationRetriever:142 - IOException on connection: Read timed out
2023-08-16 21:00:05,357 [ERROR] ConfigurationRetriever:142 - IOException on connection: Read timed out
2023-08-16 21:00:13,073 [ERROR] ConfigurationRetriever:142 - IOException on connection: Read timed out
2023-08-16 21:00:15,073 [ERROR] ConfigurationRetriever:142 - IOException on connection: Connect timed out
2023-08-16 21:05:58,045 [ERROR] ConfigurationRetriever:142 - IOException on connection: Read timed out
2023-08-16 21:06:02,683 [ERROR] ConfigurationRetriever:142 - IOException on connection: Read timed out
2023-08-16 21:09:45,453 [ERROR] ConfigurationRetriever:142 - IOException on connection: Read timed out
2023-08-16 21:09:48,737 [ERROR] ConfigurationRetriever:142 - IOException on connection: Read timed out
2023-08-16 21:09:50,738 [ERROR] ConfigurationRetriever:142 - IOException on connection: Connect timed out
2023-08-16 21:10:17,603 [ERROR] AdobePublisher:162 - Exception while opening the connection: java.net.SocketTimeoutException: Connect timed out
2023-08-16 21:10:19,604 [ERROR] AdobePublisher:162 - Exception while opening the connection: java.net.SocketTimeoutException: Connect timed out
2023-08-16 21:10:21,605 [ERROR] AdobePublisher:162 - Exception while opening the connection: java.net.SocketTimeoutException: Connect timed out
2023-08-16 21:10:23,607 [ERROR] AdobePublisher:162 - Exception while opening the connection: java.net.SocketTimeoutException: Connect timed out
2023-08-16 21:10:25,609 [ERROR] AdobePublisher:162 - Exception while opening the connection: java.net.SocketTimeoutException: Connect timed out
2023-08-16 21:18:03,774 [ERROR] ConfigurationRetriever:142 - IOException on connection: Read timed out
2023-08-16 21:18:05,774 [ERROR] ConfigurationRetriever:142 - IOException on connection: Connect timed out
2023-08-16 21:18:07,777 [ERROR] ConfigurationRetriever:142 - IOException on connection: Connect timed out
2023-08-16 21:19:08,757 [ERROR] ConfigurationRetriever:142 - IOException on connection: Connect timed out
2023-08-16 21:19:10,757 [ERROR] ConfigurationRetriever:142 - IOException on connection: Connect timed out
2023-08-16 21:19:12,758 [ERROR] ConfigurationRetriever:142 - IOException on connection: Connect timed out
